<?xml version="1.0" encoding="UTF-8"?>
<!-- Generated by org.testng.reporters.JUnitReportReporter -->
<testsuite hostname="TRANTOR432" name="com.cucumber.stepdefinition.RunCukeTest" tests="1" failures="0" timestamp="22 May 2017 12:21:44 GMT" time="66.695" errors="0">
  <testcase name="run_cukes" time="66.695" classname="com.cucumber.stepdefinition.RunCukeTest"/>
</testsuite> <!-- com.cucumber.stepdefinition.RunCukeTest -->
